<?xml version="1.0" encoding="UTF-8"?>
<!-- Generated by org.testng.reporters.JUnitReportReporter -->
<testsuite hostname="Acer-Swift3" failures="0" tests="1" name="framework.tests.VerifyLogin" time="32.397" errors="0" timestamp="2022-10-14T01:41:09 IST" skipped="0">
  <testcase classname="framework.tests.VerifyLogin" name="loginTest" time="32.397"/>
  <system-out/>
</testsuite> <!-- framework.tests.VerifyLogin -->
